<?xml version="1.0" encoding="UTF-8"?>
<!-- Generated by org.testng.reporters.JUnitXMLReporter -->
<testsuite hostname="SriRamjiHome" failures="0" tests="3" name="Login" time="9.122" errors="0" timestamp="28 Mar 2024 03:19:54 GMT">
  <testcase classname="com.training.testcases.LoginTest" name="invalidLogin" time="0.958"/>
  <testcase classname="com.training.testcases.LoginTest" name="login" time="0.84"/>
  <testcase classname="com.training.testcases.HomeTest2" name="testfnamelastName" time="1.736"/>
</testsuite> <!-- Login -->
