<?xml version="1.0" encoding="UTF-8"?>
<testng-results total="1" passed="1" failed="0" skipped="0">
  <reporter-output>
  </reporter-output>
  <suite started-at="2024-04-10T00:19:54Z" name="Default suite" finished-at="2024-04-10T00:19:59Z" duration-ms="5732">
    <groups>
    </groups>
    <test started-at="2024-04-10T00:19:54Z" name="Default test" finished-at="2024-04-10T00:19:59Z" duration-ms="5732">
      <class name="com.training.testcases.LoginTest">
        <test-method is-config="true" signature="beforeMethod()[pri:0, instance:com.training.testcases.LoginTest@45d84a20]" started-at="2024-04-09T20:19:54Z" name="beforeMethod" finished-at="2024-04-09T20:19:56Z" duration-ms="2115" status="PASS">
          <reporter-output>
          </reporter-output>
        </test-method> <!-- beforeMethod -->
        <test-method signature="login()[pri:0, instance:com.training.testcases.LoginTest@45d84a20]" started-at="2024-04-09T20:19:56Z" name="login" finished-at="2024-04-09T20:19:58Z" duration-ms="2117" status="PASS">
          <reporter-output>
          </reporter-output>
        </test-method> <!-- login -->
        <test-method is-config="true" signature="teardown()[pri:0, instance:com.training.testcases.LoginTest@45d84a20]" started-at="2024-04-09T20:19:58Z" name="teardown" finished-at="2024-04-09T20:19:59Z" duration-ms="1491" status="PASS">
          <reporter-output>
          </reporter-output>
        </test-method> <!-- teardown -->
      </class> <!-- com.training.testcases.LoginTest -->
    </test> <!-- Default test -->
  </suite> <!-- Default suite -->
</testng-results>
